Start Data Preprocessing job
Loading miniconda module and activate envs
===================================================================== Running python file ======================================================================
Some weights of the model checkpoint at facebook/dpr-ctx_encoder-single-nq-base were not used when initializing DPRContextEncoder: ['ctx_encoder.bert_model.pooler.dense.bias', 'ctx_encoder.bert_model.pooler.dense.weight']
- This IS expected if you are initializing DPRContextEncoder from the checkpoint of a model trained on another task or with another architecture (e.g. initializing a BertForSequenceClassification model from a BertForPreTraining model).
- This IS NOT expected if you are initializing DPRContextEncoder from the checkpoint of a model that you expect to be exactly identical (initializing a BertForSequenceClassification model from a BertForSequenceClassification model).
The tokenizer class you load from this checkpoint is not the same type as the class this function is called from. It may result in unexpected tokenization. 
The tokenizer class you load from this checkpoint is 'DPRQuestionEncoderTokenizer'. 
The class this function is called from is 'DPRContextEncoderTokenizer'.
/lustrefs/disk/home/akoirala/Thesis/Data-Preprocessing-Pipeline/preprocessing.py:169: SettingWithCopyWarning: 
A value is trying to be set on a copy of a slice from a DataFrame.
Try using .loc[row_indexer,col_indexer] = value instead

See the caveats in the documentation: https://pandas.pydata.org/pandas-docs/stable/user_guide/indexing.html#returning-a-view-versus-a-copy
  
/lustrefs/disk/home/akoirala/Thesis/Data-Preprocessing-Pipeline/preprocessing.py:170: SettingWithCopyWarning: 
A value is trying to be set on a copy of a slice from a DataFrame.
Try using .loc[row_indexer,col_indexer] = value instead

See the caveats in the documentation: https://pandas.pydata.org/pandas-docs/stable/user_guide/indexing.html#returning-a-view-versus-a-copy
  if token not in ['[CLS]', '[SEP]']:
/lustrefs/disk/home/akoirala/Thesis/Data-Preprocessing-Pipeline/preprocessing.py:171: SettingWithCopyWarning: 
A value is trying to be set on a copy of a slice from a DataFrame.
Try using .loc[row_indexer,col_indexer] = value instead

See the caveats in the documentation: https://pandas.pydata.org/pandas-docs/stable/user_guide/indexing.html#returning-a-view-versus-a-copy
  masked_tokens.append(token)
/lustrefs/disk/home/akoirala/Thesis/Data-Preprocessing-Pipeline/preprocessing.py:172: SettingWithCopyWarning: 
A value is trying to be set on a copy of a slice from a DataFrame.
Try using .loc[row_indexer,col_indexer] = value instead

See the caveats in the documentation: https://pandas.pydata.org/pandas-docs/stable/user_guide/indexing.html#returning-a-view-versus-a-copy
  
/lustrefs/disk/home/akoirala/Thesis/Data-Preprocessing-Pipeline/preprocessing.py:173: SettingWithCopyWarning: 
A value is trying to be set on a copy of a slice from a DataFrame.
Try using .loc[row_indexer,col_indexer] = value instead

See the caveats in the documentation: https://pandas.pydata.org/pandas-docs/stable/user_guide/indexing.html#returning-a-view-versus-a-copy
  return " ".join(masked_tokens)
/lustrefs/disk/home/akoirala/Thesis/Data-Preprocessing-Pipeline/preprocessing.py:174: SettingWithCopyWarning: 
A value is trying to be set on a copy of a slice from a DataFrame.
Try using .loc[row_indexer,col_indexer] = value instead

See the caveats in the documentation: https://pandas.pydata.org/pandas-docs/stable/user_guide/indexing.html#returning-a-view-versus-a-copy
  
/lustrefs/disk/home/akoirala/Thesis/Data-Preprocessing-Pipeline/preprocessing.py:270: SettingWithCopyWarning: 
A value is trying to be set on a copy of a slice from a DataFrame.
Try using .loc[row_indexer,col_indexer] = value instead

See the caveats in the documentation: https://pandas.pydata.org/pandas-docs/stable/user_guide/indexing.html#returning-a-view-versus-a-copy
  parser.add_argument('--full', action='store_true', help='Run on full data')
/lustrefs/disk/home/akoirala/Thesis/Data-Preprocessing-Pipeline/preprocessing.py:273: SettingWithCopyWarning: 
A value is trying to be set on a copy of a slice from a DataFrame

See the caveats in the documentation: https://pandas.pydata.org/pandas-docs/stable/user_guide/indexing.html#returning-a-view-versus-a-copy
  parser.add_argument('--result', type=str, default='/home/akoirala/Thesis/Data-Preprocessing-Pipeline/result', help='Path to the result dataset')
args=Namespace(log=True, log_dir='preprocess_prototype', full=False, data_path='/home/akoirala/Thesis/Dataset', result='/home/akoirala/Thesis/Data-Preprocessing-Pipeline/result')
Starting 'Program Running'
Starting 'Loading data'
Process_data function starts
input_df dataframe is done
Top 30 document for each ReviewId is saved
Top K (k=6) document for each ReviewId is saved
Masking background using PICO Done
Getting Target R1,R2 and RL
Final Score is saved
Process_data function Done
End 'Loading data' (in 9:20 mins)
End 'Program Running' (in 9:20 mins)
===================================================================== Finished python file =====================================================================
